<?xml version="1.0" encoding="UTF-8"?>
<!-- Generated by org.testng.reporters.JUnitReportReporter -->
<testsuite hostname="Mayank" name="APIDemoPkg.RestAssuredDemo2" tests="1" failures="0" timestamp="23 Oct 2019 03:38:04 GMT" time="6.579" errors="0">
  <testcase name="postData" time="6.579" classname="APIDemoPkg.RestAssuredDemo2"/>
</testsuite> <!-- APIDemoPkg.RestAssuredDemo2 -->
