<?xml version="1.0" encoding="UTF-8"?>
<!-- Generated by org.testng.reporters.JUnitReportReporter -->
<testsuite hostname="Mayank" name="APIDemoPkg.RestAssuredDemo3" tests="1" failures="0" timestamp="20 May 2020 02:35:27 GMT" time="6.238" errors="0">
  <testcase name="AddandDeleteApi" time="6.238" classname="APIDemoPkg.RestAssuredDemo3"/>
</testsuite> <!-- APIDemoPkg.RestAssuredDemo3 -->
